CLK:1 RFSH .. .. .... A:ffff 
CLK:0 RFSH .. .. MREQ A:ffff 
CLK:1 .... M1 .. MREQ A:0000 
CLK:0 .... M1 RD MREQ A:0000 
CLK:1 .... M1 RD MREQ A:0000 
CLK:0 .... M1 RD MREQ A:0000 
CLK:1 RFSH .. .. .... A:0000 
CLK:0 RFSH .. .. MREQ A:0000 
CLK:1 RFSH .. .. MREQ A:0000 
CLK:0 RFSH .. .. .... A:0000 
CLK:1 .... M1 .. .... A:0001 
CLK:0 .... M1 RD MREQ A:0001 
CLK:1 .... M1 RD MREQ A:0001 
CLK:0 .... M1 RD MREQ A:0001 
CLK:1 RFSH .. .. .... A:0001 
CLK:0 RFSH .. .. MREQ A:0001 
CLK:1 RFSH .. .. MREQ A:0001 
CLK:0 RFSH .. .. .... A:0001 
CLK:1 .... M1 .. .... A:0002 
CLK:0 .... M1 RD MREQ A:0002 
CLK:1 .... M1 RD MREQ A:0002 
CLK:0 .... M1 RD MREQ A:0002 
CLK:1 RFSH .. .. .... A:0002 
CLK:0 RFSH .. .. MREQ A:0002 
CLK:1 RFSH .. .. MREQ A:0002 
CLK:0 RFSH .. .. .... A:0002 
CLK:1 .... M1 .. .... A:0003 
CLK:0 .... M1 RD MREQ A:0003 
CLK:1 .... M1 RD MREQ A:0003 
CLK:0 .... M1 RD MREQ A:0003 
CLK:1 RFSH .. .. .... A:0003 
CLK:0 RFSH .. .. MREQ A:0003 
CLK:1 RFSH .. .. MREQ A:0003 
CLK:0 RFSH .. .. .... A:0003 
CLK:1 .... M1 .. .... A:0004 
CLK:0 .... M1 RD MREQ A:0004 
CLK:1 .... M1 RD MREQ A:0004 
CLK:0 .... M1 RD MREQ A:0004 
CLK:1 RFSH .. .. .... A:0004 
CLK:0 RFSH .. .. MREQ A:0004 
CLK:1 RFSH .. .. MREQ A:0004 
CLK:0 RFSH .. .. .... A:0004 
CLK:1 .... M1 .. .... A:0005 
CLK:0 .... M1 RD MREQ A:0005 
CLK:1 .... M1 RD MREQ A:0005 
CLK:0 .... M1 RD MREQ A:0005 
CLK:1 RFSH .. .. .... A:0005 
CLK:0 RFSH .. .. MREQ A:0005 
CLK:1 RFSH .. .. MREQ A:0005 
CLK:0 RFSH .. .. .... A:0005 
CLK:0 .... M1 RD MREQ A:0006 
CLK:1 RFSH .. .. .... A:0006 
CLK:0 RFSH .. .. MREQ A:0006 
CLK:1 RFSH .. .. MREQ A:0006 
CLK:0 RFSH .. .. .... A:0006 
CLK:1 .... M1 .. .... A:0007 
CLK:0 .... M1 RD MREQ A:0007 
CLK:1 .... M1 RD MREQ A:0007 
CLK:0 .... M1 RD MREQ A:0007 
CLK:1 RFSH .. .. .... A:0007 
CLK:0 RFSH .. .. MREQ A:0007 
CLK:1 RFSH .. .. MREQ A:0007 
CLK:0 RFSH .. .. .... A:0007 
CLK:1 .... M1 .. .... A:0008 
CLK:0 .... M1 RD MREQ A:0008 
CLK:1 .... M1 RD MREQ A:0008 
CLK:0 .... M1 RD MREQ A:0008 
CLK:1 RFSH .. .. .... A:0008 
CLK:0 RFSH .. .. MREQ A:0008 
CLK:1 RFSH .. .. MREQ A:0008 
CLK:0 RFSH .. .. .... A:0008 
CLK:1 .... M1 .. .... A:0009 
CLK:0 .... M1 RD MREQ A:0009 
CLK:1 .... M1 RD MREQ A:0009 
CLK:0 .... M1 RD MREQ A:0009 
CLK:1 RFSH .. .. .... A:0009 
CLK:0 RFSH .. .. MREQ A:0009 
CLK:1 RFSH .. .. MREQ A:0009 
CLK:0 RFSH .. .. .... A:0009 
CLK:1 .... M1 .. .... A:000a 
CLK:0 .... M1 RD MREQ A:000a 
CLK:1 .... M1 RD MREQ A:000a 
CLK:0 .... M1 RD MREQ A:000a 
CLK:1 RFSH .. .. .... A:000a 
CLK:0 RFSH .. .. MREQ A:000a 
CLK:1 RFSH .. .. MREQ A:000a 
CLK:0 RFSH .. .. .... A:000a 
CLK:1 .... M1 .. .... A:000b 
CLK:0 .... M1 RD MREQ A:000b 
CLK:1 .... M1 RD MREQ A:000b 
CLK:0 .... M1 RD MREQ A:000b 
CLK:1 RFSH .. .. .... A:000b 
CLK:0 RFSH .. .. MREQ A:000b 
CLK:1 RFSH .. .. MREQ A:000b 
CLK:0 RFSH .. .. .... A:000b 
CLK:1 .... M1 .. .... A:000c 
CLK:0 .... M1 RD MREQ A:000c 
CLK:1 .... M1 RD MREQ A:000c 
CLK:0 .... M1 RD MREQ A:000c 
CLK:1 RFSH .. .. .... A:000c 
CLK:0 RFSH .. .. MREQ A:000c 
CLK:1 RFSH .. .. MREQ A:000c 
CLK:0 RFSH .. .. .... A:000c 
CLK:1 .... M1 .. .... A:000d 
CLK:0 .... M1 RD MREQ A:000d 
CLK:1 .... M1 RD MREQ A:000d 
CLK:0 .... M1 RD MREQ A:000d 
CLK:1 RFSH .. .. .... A:000d 
CLK:0 RFSH .. .. MREQ A:000d 
CLK:1 RFSH .. .. MREQ A:000d 
CLK:0 RFSH .. .. .... A:000d 
CLK:1 .... M1 .. .... A:000e 
CLK:0 .... M1 RD MREQ A:000e 
CLK:1 .... M1 RD MREQ A:000e 
CLK:0 .... M1 RD MREQ A:000e 
CLK:1 RFSH .. .. .... A:000e 
CLK:0 RFSH .. .. MREQ A:000e 
CLK:1 RFSH .. .. MREQ A:000e 
CLK:0 RFSH .. .. .... A:000e 
CLK:1 .... M1 .. .... A:000f 
CLK:0 .... M1 RD MREQ A:000f 
CLK:1 .... M1 RD MREQ A:000f 
CLK:0 .... M1 RD MREQ A:000f 
CLK:1 RFSH .. .. .... A:000f 
CLK:0 RFSH .. .. MREQ A:000f 
CLK:1 RFSH .. .. MREQ A:000f 
CLK:0 RFSH .. .. .... A:000f 
CLK:1 .... M1 .. .... A:0010 
CLK:0 .... M1 RD MREQ A:0010 
CLK:1 .... M1 RD MREQ A:0010 
CLK:0 .... M1 RD MREQ A:0010 
CLK:1 RFSH .. .. .... A:0010 
CLK:0 RFSH .. .. MREQ A:0010 
CLK:1 RFSH .. .. MREQ A:0010 
CLK:0 RFSH .. .. .... A:0010 
CLK:1 .... M1 .. .... A:0011 
CLK:0 .... M1 RD MREQ A:0011 
CLK:1 .... M1 RD MREQ A:0011 
CLK:0 .... M1 RD MREQ A:0011 
CLK:1 RFSH .. .. .... A:0011 
CLK:0 RFSH .. .. MREQ A:0011 
CLK:1 RFSH .. .. MREQ A:0011 
CLK:0 RFSH .. .. .... A:0011 
CLK:1 .... M1 .. .... A:0012 
CLK:0 .... M1 RD MREQ A:0012 
CLK:1 .... M1 RD MREQ A:0012 
CLK:0 .... M1 RD MREQ A:0012 
CLK:1 RFSH .. .. .... A:0012 
CLK:0 RFSH .. .. MREQ A:0012 
CLK:1 RFSH .. .. MREQ A:0012 
CLK:0 RFSH .. .. .... A:0012 
CLK:1 .... M1 .. .... A:0013 
CLK:0 .... M1 RD MREQ A:0013 
CLK:1 .... M1 RD MREQ A:0013 
CLK:0 .... M1 RD MREQ A:0013 
CLK:1 RFSH .. .. .... A:0013 
CLK:0 RFSH .. .. MREQ A:0013 
CLK:1 RFSH .. .. MREQ A:0013 
CLK:0 RFSH .. .. .... A:0013 
CLK:1 .... M1 .. .... A:0014 
CLK:0 .... M1 RD MREQ A:0014 
CLK:1 .... M1 RD MREQ A:0014 
CLK:0 .... M1 RD MREQ A:0014 
CLK:1 RFSH .. .. .... A:0014 
CLK:0 RFSH .. .. MREQ A:0014 
CLK:1 RFSH .. .. MREQ A:0014 
CLK:0 RFSH .. .. .... A:0014 
CLK:1 .... M1 .. .... A:0015 
CLK:0 .... M1 RD MREQ A:0015 
CLK:1 .... M1 RD MREQ A:0015 
CLK:0 .... M1 RD MREQ A:0015 
CLK:1 RFSH .. .. .... A:0015 
CLK:0 RFSH .. .. MREQ A:0015 
CLK:1 RFSH .. .. MREQ A:0015 
CLK:0 RFSH .. .. .... A:0015 
CLK:1 .... M1 .. .... A:0016 
CLK:0 .... M1 RD MREQ A:0016 
CLK:1 .... M1 RD MREQ A:0016 
CLK:0 .... M1 RD MREQ A:0016 
CLK:1 RFSH .. .. .... A:0016 
CLK:0 RFSH .. .. MREQ A:0016 
CLK:1 RFSH .. .. MREQ A:0016 
CLK:0 RFSH .. .. .... A:0016 
CLK:1 .... M1 .. .... A:0017 
CLK:0 .... M1 RD MREQ A:0017 
CLK:1 .... M1 RD MREQ A:0017 
CLK:0 .... M1 RD MREQ A:0017 
CLK:1 RFSH .. .. .... A:0017 
CLK:0 RFSH .. .. MREQ A:0017 
CLK:1 RFSH .. .. MREQ A:0017 
CLK:0 RFSH .. .. .... A:0017 
CLK:1 .... M1 .. .... A:0018 
CLK:0 .... M1 RD MREQ A:0018 
CLK:1 .... M1 RD MREQ A:0018 
CLK:0 .... M1 RD MREQ A:0018 
CLK:1 RFSH .. .. .... A:0018 
CLK:0 RFSH .. .. MREQ A:0018 
CLK:1 RFSH .. .. MREQ A:0018 
CLK:0 RFSH .. .. .... A:0018 
CLK:1 .... M1 .. .... A:0019 
CLK:0 .... M1 RD MREQ A:0019 
CLK:1 .... M1 RD MREQ A:0019 
CLK:0 .... M1 RD MREQ A:0019 
CLK:1 RFSH .. .. .... A:0019 
CLK:0 RFSH .. .. MREQ A:0019 
CLK:1 RFSH .. .. MREQ A:0019 
CLK:0 RFSH .. .. .... A:0019 
CLK:1 .... M1 .. .... A:001a 
CLK:0 .... M1 RD MREQ A:001a 
CLK:1 .... M1 RD MREQ A:001a 
CLK:0 .... M1 RD MREQ A:001a 
CLK:1 RFSH .. .. .... A:001a 
CLK:0 RFSH .. .. MREQ A:001a 
CLK:1 RFSH .. .. MREQ A:001a 
CLK:0 RFSH .. .. .... A:001a 
CLK:1 .... M1 .. .... A:001b 
CLK:0 .... M1 RD MREQ A:001b 
CLK:1 .... M1 RD MREQ A:001b 
CLK:0 .... M1 RD MREQ A:001b 
CLK:1 RFSH .. .. .... A:001b 
CLK:0 RFSH .. .. MREQ A:001b 
CLK:1 RFSH .. .. MREQ A:001b 
CLK:0 RFSH .. .. .... A:001b 
CLK:1 .... M1 .. .... A:001c 
CLK:0 .... M1 RD MREQ A:001c 
CLK:1 .... M1 RD MREQ A:001c 
CLK:0 .... M1 RD MREQ A:001c 
CLK:1 RFSH .. .. .... A:001c 
CLK:0 RFSH .. .. MREQ A:001c 
CLK:1 RFSH .. .. MREQ A:001c 
CLK:0 RFSH .. .. .... A:001c 
CLK:1 .... M1 .. .... A:001d 
CLK:0 .... M1 RD MREQ A:001d 
CLK:1 .... M1 RD MREQ A:001d 
CLK:0 .... M1 RD MREQ A:001d 
CLK:1 RFSH .. .. .... A:001d 
CLK:0 RFSH .. .. MREQ A:001d 
CLK:1 RFSH .. .. MREQ A:001d 
CLK:0 RFSH .. .. .... A:001d 
CLK:1 .... M1 .. .... A:001e 
CLK:0 .... M1 RD MREQ A:001e 
CLK:1 .... M1 RD MREQ A:001e 
CLK:0 .... M1 RD MREQ A:001e 
CLK:1 RFSH .. .. .... A:001e 
CLK:0 RFSH .. .. MREQ A:001e 
CLK:1 RFSH .. .. MREQ A:001e 
CLK:0 RFSH .. .. .... A:001e 
CLK:1 .... M1 .. .... A:001f 
CLK:0 .... M1 RD MREQ A:001f 
CLK:1 .... M1 RD MREQ A:001f 
CLK:0 .... M1 RD MREQ A:001f 
CLK:1 RFSH .. .. .... A:001f 
CLK:0 RFSH .. .. MREQ A:001f 
CLK:1 RFSH .. .. MREQ A:001f 
CLK:0 RFSH .. .. .... A:001f 
CLK:1 .... M1 .. .... A:0020 
CLK:0 .... M1 RD MREQ A:0020 
CLK:1 .... M1 RD MREQ A:0020 
CLK:0 .... M1 RD MREQ A:0020 
CLK:1 RFSH .. .. .... A:0020 
CLK:0 RFSH .. .. MREQ A:0020 
CLK:1 RFSH .. .. MREQ A:0020 
CLK:0 RFSH .. .. .... A:0020 
CLK:1 .... M1 .. .... A:0021 
CLK:0 .... M1 RD MREQ A:0021 
CLK:1 .... M1 RD MREQ A:0021 
CLK:0 .... M1 RD MREQ A:0021 
CLK:1 RFSH .. .. .... A:0021 
CLK:0 RFSH .. .. MREQ A:0021 
CLK:1 RFSH .. .. MREQ A:0021 
CLK:0 RFSH .. .. .... A:0021 
CLK:1 .... M1 .. .... A:0022 
CLK:0 .... M1 RD MREQ A:0022 
CLK:1 .... M1 RD MREQ A:0022 
CLK:0 .... M1 RD MREQ A:0022 
CLK:1 RFSH .. .. .... A:0022 
CLK:0 RFSH .. .. MREQ A:0022 
CLK:1 RFSH .. .. MREQ A:0022 
CLK:0 RFSH .. .. .... A:0022 
CLK:1 .... M1 .. .... A:0023 
