M1 RD .. MREQ .... A:0000 D:db | 
.. RD .. MREQ .... A:0001 D:00 | 
.. RD .. .... IORQ A:0000 D:00 | 
M1 RD .. MREQ .... A:0002 D:cb | 
M1 RD .. MREQ .... A:0003 D:47 | 
M1 RD .. MREQ .... A:0004 D:ca | 
.. RD .. MREQ .... A:0005 D:00 | 
.. RD .. MREQ .... A:0006 D:00 | 
M1 RD .. MREQ .... A:0000 D:db | 
.. RD .. MREQ .... A:0001 D:00 | 
.. RD .. .... IORQ A:0000 D:00 | 
M1 RD .. MREQ .... A:0002 D:cb | 
M1 RD .. MREQ .... A:0003 D:47 | 
M1 RD .. MREQ .... A:0004 D:ca | 
.. RD .. MREQ .... A:0005 D:00 | 
.. RD .. MREQ .... A:0006 D:00 | 
M1 RD .. MREQ .... A:0000 D:db | 
.. RD .. MREQ .... A:0001 D:00 | 
.. RD .. .... IORQ A:0000 D:00 | 
M1 RD .. MREQ .... A:0002 D:cb | 
M1 RD .. MREQ .... A:0003 D:47 | 
M1 RD .. MREQ .... A:0004 D:ca | 
.. RD .. MREQ .... A:0005 D:00 | 
.. RD .. MREQ .... A:0006 D:00 | 
M1 RD .. MREQ .... A:0000 D:db | 
.. RD .. MREQ .... A:0001 D:00 | 
.. RD .. .... IORQ A:0000 D:01 | 
M1 RD .. MREQ .... A:0002 D:cb | 
M1 RD .. MREQ .... A:0003 D:47 | 
M1 RD .. MREQ .... A:0004 D:ca | 
.. RD .. MREQ .... A:0005 D:00 | 
.. RD .. MREQ .... A:0006 D:00 | 
M1 RD .. MREQ .... A:0007 D:db | 
.. RD .. MREQ .... A:0008 D:01 | 
.. RD .. .... IORQ A:0101 D:48 | 
M1 RD .. MREQ .... A:0009 D:d3 | 
.. RD .. MREQ .... A:000a D:01 | 
.. .. .. .... .... A:4801 D:48 | H
M1 RD .. MREQ .... A:000b D:c3 | 
.. RD .. MREQ .... A:000c D:00 | 
.. RD .. MREQ .... A:000d D:00 | 
M1 RD .. MREQ .... A:0000 D:db | 
.. RD .. MREQ .... A:0001 D:00 | 
.. RD .. .... IORQ A:4800 D:01 | 
M1 RD .. MREQ .... A:0002 D:cb | 
M1 RD .. MREQ .... A:0003 D:47 | 
M1 RD .. MREQ .... A:0004 D:ca | 
.. RD .. MREQ .... A:0005 D:00 | 
.. RD .. MREQ .... A:0006 D:00 | 
M1 RD .. MREQ .... A:0007 D:db | 
.. RD .. MREQ .... A:0008 D:01 | 
.. RD .. .... IORQ A:0101 D:69 | 
M1 RD .. MREQ .... A:0009 D:d3 | 
.. RD .. MREQ .... A:000a D:01 | 
.. .. .. .... .... A:6901 D:69 | i
M1 RD .. MREQ .... A:000b D:c3 | 
.. RD .. MREQ .... A:000c D:00 | 
.. RD .. MREQ .... A:000d D:00 | 
M1 RD .. MREQ .... A:0000 D:db | 
.. RD .. MREQ .... A:0001 D:00 | 
.. RD .. .... IORQ A:6900 D:01 | 
M1 RD .. MREQ .... A:0002 D:cb | 
M1 RD .. MREQ .... A:0003 D:47 | 
M1 RD .. MREQ .... A:0004 D:ca | 
.. RD .. MREQ .... A:0005 D:00 | 
.. RD .. MREQ .... A:0006 D:00 | 
M1 RD .. MREQ .... A:0007 D:db | 
.. RD .. MREQ .... A:0008 D:01 | 
.. RD .. .... IORQ A:0101 D:21 | 
M1 RD .. MREQ .... A:0009 D:d3 | 
.. RD .. MREQ .... A:000a D:01 | 
.. .. .. .... .... A:2101 D:21 | !
M1 RD .. MREQ .... A:000b D:c3 | 
.. RD .. MREQ .... A:000c D:00 | 
.. RD .. MREQ .... A:000d D:00 | 
M1 RD .. MREQ .... A:0000 D:db | 
.. RD .. MREQ .... A:0001 D:00 | 
.. RD .. .... IORQ A:2100 D:01 | 
M1 RD .. MREQ .... A:0002 D:cb | 
M1 RD .. MREQ .... A:0003 D:47 | 
M1 RD .. MREQ .... A:0004 D:ca | 
.. RD .. MREQ .... A:0005 D:00 | 
.. RD .. MREQ .... A:0006 D:00 | 
M1 RD .. MREQ .... A:0007 D:db | 
.. RD .. MREQ .... A:0008 D:01 | 
.. RD .. .... IORQ A:0101 D:0d | 
M1 RD .. MREQ .... A:0009 D:d3 | 
.. RD .. MREQ .... A:000a D:01 | 
.. .. .. .... .... A:0d01 D:0d | 
M1 RD .. MREQ .... A:000b D:c3 | 
.. RD .. MREQ .... A:000c D:00 | 
.. RD .. MREQ .... A:000d D:00 | 
M1 RD .. MREQ .... A:0000 D:db | 
.. RD .. MREQ .... A:0001 D:00 | 
.. RD .. .... IORQ A:0d00 D:01 | 
M1 RD .. MREQ .... A:0002 D:cb | 
M1 RD .. MREQ .... A:0003 D:47 | 
M1 RD .. MREQ .... A:0004 D:ca | 
.. RD .. MREQ .... A:0005 D:00 | 
.. RD .. MREQ .... A:0006 D:00 | 
M1 RD .. MREQ .... A:0007 D:db | 
.. RD .. MREQ .... A:0008 D:01 | 
.. RD .. .... IORQ A:0101 D:0a | 
M1 RD .. MREQ .... A:0009 D:d3 | 
.. RD .. MREQ .... A:000a D:01 | 
.. .. .. .... .... A:0a01 D:0a | 

M1 RD .. MREQ .... A:000b D:c3 | 
.. RD .. MREQ .... A:000c D:00 | 
.. RD .. MREQ .... A:000d D:00 | 
M1 RD .. MREQ .... A:0000 D:db | 
.. RD .. MREQ .... A:0001 D:00 | 
.. RD .. .... IORQ A:0a00 D:00 | 
M1 RD .. MREQ .... A:0002 D:cb | 
M1 RD .. MREQ .... A:0003 D:47 | 
M1 RD .. MREQ .... A:0004 D:ca | 
.. RD .. MREQ .... A:0005 D:00 | 
.. RD .. MREQ .... A:0006 D:00 | 
M1 RD .. MREQ .... A:0000 D:db | 
.. RD .. MREQ .... A:0001 D:00 | 
.. RD .. .... IORQ A:0000 D:00 | 
M1 RD .. MREQ .... A:0002 D:cb | 
M1 RD .. MREQ .... A:0003 D:47 | 
M1 RD .. MREQ .... A:0004 D:ca | 
.. RD .. MREQ .... A:0005 D:00 | 
.. RD .. MREQ .... A:0006 D:00 | 
M1 RD .. MREQ .... A:0000 D:db | 
.. RD .. MREQ .... A:0001 D:00 | 