CLK:1 .... M1 .. .. .... A:0000 D:00 
CLK:0 .... M1 RD .. MREQ A:0000 D:00 
CLK:1 .... M1 RD .. MREQ A:0000 D:3e 
CLK:0 .... M1 RD .. MREQ A:0000 D:3e 
CLK:1 RFSH .. .. .. .... A:0000 D:00 
CLK:0 RFSH .. .. .. MREQ A:0000 D:00 
CLK:1 RFSH .. .. .. MREQ A:0000 D:00 
CLK:0 RFSH .. .. .. .... A:0000 D:00 
CLK:1 .... .. .. .. .... A:0001 D:00 
CLK:0 .... .. RD .. MREQ A:0001 D:a5 
CLK:1 .... .. RD .. MREQ A:0001 D:a5 
CLK:0 .... .. RD .. MREQ A:0001 D:a5 
CLK:1 .... .. RD .. MREQ A:0001 D:a5 
CLK:0 .... .. .. .. .... A:0001 D:00 
CLK:1 .... M1 .. .. .... A:0002 D:00 
CLK:0 .... M1 RD .. MREQ A:0002 D:00 
CLK:1 .... M1 RD .. MREQ A:0002 D:3c 
CLK:0 .... M1 RD .. MREQ A:0002 D:3c 
CLK:1 RFSH .. .. .. .... A:0001 D:00 
CLK:0 RFSH .. .. .. MREQ A:0001 D:00 
CLK:1 RFSH .. .. .. MREQ A:0001 D:00 
CLK:0 RFSH .. .. .. .... A:0001 D:00 
CLK:1 .... M1 .. .. .... A:0003 D:00 
CLK:0 .... M1 RD .. MREQ A:0003 D:32 
CLK:1 .... M1 RD .. MREQ A:0003 D:32 
CLK:0 .... M1 RD .. MREQ A:0003 D:32 
CLK:1 RFSH .. .. .. .... A:0002 D:00 
CLK:0 RFSH .. .. .. MREQ A:0002 D:00 
CLK:1 RFSH .. .. .. MREQ A:0002 D:00 
CLK:0 RFSH .. .. .. .... A:0002 D:00 
CLK:1 .... .. .. .. .... A:0004 D:00 
CLK:0 .... .. RD .. MREQ A:0004 D:0f 
CLK:1 .... .. RD .. MREQ A:0004 D:0f 
CLK:0 .... .. RD .. MREQ A:0004 D:0f 
CLK:1 .... .. RD .. MREQ A:0004 D:0f 
CLK:0 .... .. .. .. .... A:0004 D:0f 
CLK:1 .... .. .. .. .... A:0005 D:00 
CLK:0 .... .. RD .. MREQ A:0005 D:00 
CLK:0 .... .. RD .. MREQ A:0005 D:00 
CLK:1 .... .. RD .. MREQ A:0005 D:00 
CLK:0 .... .. .. .. .... A:0005 D:00 
CLK:1 .... .. .. .. .... A:000f D:00 
CLK:0 .... .. .. .. MREQ A:000f D:a6 
CLK:1 .... .. .. .. MREQ A:000f D:a6 
CLK:0 .... .. .. WR MREQ A:000f D:a6 
CLK:1 .... .. .. WR MREQ A:000f D:a6 
CLK:0 .... .. .. .. .... A:000f D:a6 
CLK:1 .... M1 .. .. .... A:0006 D:00 
CLK:0 .... M1 RD .. MREQ A:0006 D:76 
CLK:1 .... M1 RD .. MREQ A:0006 D:76 
CLK:0 .... M1 RD .. MREQ A:0006 D:76 
CLK:1 RFSH .. .. .. .... A:0003 D:76 
CLK:0 RFSH .. .. .. MREQ A:0003 D:00 
CLK:1 RFSH .. .. .. MREQ A:0003 D:00 