CLK:0 .... .. .. .. .... A:0000 D:00 
CLK:1 .... M1 .. .. .... A:0000 D:00 
CLK:0 .... M1 RD .. MREQ A:0000 D:00 
CLK:1 .... M1 RD .. MREQ A:0000 D:00 
CLK:0 .... M1 RD .. MREQ A:0000 D:00 
CLK:1 RFSH .. .. .. .... A:0000 D:00 
CLK:0 RFSH .. .. .. MREQ A:0000 D:00 
CLK:1 RFSH .. .. .. MREQ A:0000 D:00 
CLK:0 RFSH .. .. .. .... A:0000 D:00 
CLK:1 .... M1 .. .. .... A:0001 D:00 
CLK:0 .... M1 RD .. MREQ A:0001 D:00 
CLK:1 .... M1 RD .. MREQ A:0001 D:00 
CLK:0 .... M1 RD .. MREQ A:0001 D:00 
CLK:1 RFSH .. .. .. .... A:0001 D:00 
CLK:0 RFSH .. .. .. MREQ A:0001 D:00 
CLK:1 RFSH .. .. .. MREQ A:0001 D:00 
CLK:0 RFSH .. .. .. .... A:0001 D:00 
CLK:1 .... M1 .. .. .... A:0002 D:00 
CLK:0 .... M1 RD .. MREQ A:0002 D:00 
CLK:1 .... M1 RD .. MREQ A:0002 D:c3 
CLK:0 .... M1 RD .. MREQ A:0002 D:c3 
CLK:1 RFSH .. .. .. .... A:0002 D:00 
CLK:0 RFSH .. .. .. MREQ A:0002 D:00 
CLK:1 RFSH .. .. .. MREQ A:0002 D:00 
CLK:0 RFSH .. .. .. .... A:0002 D:00
CLK:1 .... .. .. .. .... A:0003 D:00 
CLK:0 .... .. RD .. MREQ A:0003 D:00 
CLK:1 .... .. RD .. MREQ A:0003 D:00 
CLK:0 .... .. RD .. MREQ A:0003 D:00 
CLK:1 .... .. RD .. MREQ A:0003 D:00 
CLK:0 .... .. .. .. .... A:0003 D:00 
CLK:1 .... .. .. .. .... A:0004 D:00 
CLK:0 .... .. RD .. MREQ A:0004 D:00 
CLK:1 .... .. RD .. MREQ A:0004 D:00 
CLK:0 .... .. RD .. MREQ A:0004 D:00 
CLK:1 .... .. RD .. MREQ A:0004 D:00 
CLK:0 .... .. .. .. .... A:0004 D:00 
CLK:0 .... M1 RD .. MREQ A:0000 D:00 
CLK:1 .... M1 RD .. MREQ A:0000 D:00 
CLK:0 .... M1 RD .. MREQ A:0000 D:00 
CLK:1 RFSH .. .. .. .... A:0003 D:00 
CLK:0 RFSH .. .. .. MREQ A:0003 D:00 
CLK:1 RFSH .. .. .. MREQ A:0003 D:00 
CLK:0 RFSH .. .. .. .... A:0003 D:00 
CLK:1 .... M1 .. .. .... A:0001 D:00 
CLK:0 .... M1 RD .. MREQ A:0001 D:00 
CLK:1 .... M1 RD .. MREQ A:0001 D:00 
CLK:0 .... M1 RD .. MREQ A:0001 D:00 
CLK:1 RFSH .. .. .. .... A:0004 D:00 
CLK:0 RFSH .. .. .. MREQ A:0004 D:00 
