CLK:0 .... M1 RD .. MREQ .... A:0000 D:00 | 
CLK:1 RFSH .. .. .. .... .... A:0000 D:21 | 
CLK:0 .... .. RD .. MREQ .... A:0001 D:00 | 
CLK:0 .... .. .. .. .... .... A:0001 D:0a | 
CLK:0 .... .. RD .. MREQ .... A:0002 D:00 | 
CLK:0 .... .. .. .. .... .... A:0002 D:00 | 
CLK:0 .... M1 RD .. MREQ .... A:0003 D:00 | 
CLK:1 RFSH .. .. .. .... .... A:0001 D:0e | 
CLK:0 .... .. RD .. MREQ .... A:0004 D:00 | 
CLK:0 .... .. .. .. .... .... A:0004 D:00 | 
CLK:0 .... M1 RD .. MREQ .... A:0005 D:00 | 
CLK:1 RFSH .. .. .. .... .... A:0002 D:06 | 
CLK:0 .... .. RD .. MREQ .... A:0006 D:00 | 
CLK:0 .... .. .. .. .... .... A:0006 D:0d | 
CLK:0 .... M1 RD .. MREQ .... A:0007 D:00 | 
CLK:1 RFSH .. .. .. .... .... A:0003 D:ed | 
CLK:0 .... M1 RD .. MREQ .... A:0008 D:00 | 
CLK:1 RFSH .. .. .. .... .... A:0004 D:b3 | 
CLK:0 .... .. RD .. MREQ .... A:000a D:00 | 
CLK:0 .... .. .. .. .... .... A:000a D:48 | 
CLK:1 .... .. .. WR .... IORQ A:0c00 D:48 | 
CLK:0 .... .. .. .. .... .... A:0c00 D:48 | H
CLK:0 .... M1 RD .. MREQ .... A:0007 D:00 | 
CLK:1 RFSH .. .. .. .... .... A:0005 D:ed | 
CLK:0 .... M1 RD .. MREQ .... A:0008 D:00 | 
CLK:1 RFSH .. .. .. .... .... A:0006 D:b3 | 
CLK:0 .... .. RD .. MREQ .... A:000b D:00 | 
CLK:0 .... .. .. .. .... .... A:000b D:65 | 
CLK:1 .... .. .. WR .... IORQ A:0b00 D:65 | 
CLK:0 .... .. .. .. .... .... A:0b00 D:65 | e
CLK:0 .... M1 RD .. MREQ .... A:0007 D:00 | 
CLK:1 RFSH .. .. .. .... .... A:0007 D:ed | 
CLK:0 .... M1 RD .. MREQ .... A:0008 D:00 | 
CLK:1 RFSH .. .. .. .... .... A:0008 D:b3 | 
CLK:0 .... .. RD .. MREQ .... A:000c D:00 | 
CLK:0 .... .. .. .. .... .... A:000c D:6c | 
CLK:1 .... .. .. WR .... IORQ A:0a00 D:6c | 
CLK:0 .... .. .. .. .... .... A:0a00 D:6c | l
CLK:0 .... M1 RD .. MREQ .... A:0007 D:00 | 
CLK:1 RFSH .. .. .. .... .... A:0009 D:ed | 
CLK:0 .... M1 RD .. MREQ .... A:0008 D:00 | 
CLK:1 RFSH .. .. .. .... .... A:000a D:b3 | 
CLK:0 .... .. RD .. MREQ .... A:000d D:00 | 
CLK:0 .... .. .. .. .... .... A:000d D:6c | 
CLK:1 .... .. .. WR .... IORQ A:0900 D:6c | 
CLK:0 .... .. .. .. .... .... A:0900 D:6c | l
CLK:0 .... M1 RD .. MREQ .... A:0007 D:00 | 
CLK:1 RFSH .. .. .. .... .... A:000b D:ed | 
CLK:0 .... M1 RD .. MREQ .... A:0008 D:00 | 
CLK:1 RFSH .. .. .. .... .... A:000c D:b3 | 
CLK:0 .... .. RD .. MREQ .... A:000e D:00 | 
CLK:0 .... .. .. .. .... .... A:000e D:6f | 
CLK:1 .... .. .. WR .... IORQ A:0800 D:6f | 
CLK:0 .... .. .. .. .... .... A:0800 D:6f | o
CLK:0 .... M1 RD .. MREQ .... A:0007 D:00 | 
CLK:1 RFSH .. .. .. .... .... A:000d D:ed | 
CLK:0 .... M1 RD .. MREQ .... A:0008 D:00 | 
CLK:1 RFSH .. .. .. .... .... A:000e D:b3 | 
CLK:0 .... .. RD .. MREQ .... A:000f D:00 | 
CLK:0 .... .. .. .. .... .... A:000f D:20 | 
CLK:1 .... .. .. WR .... IORQ A:0700 D:20 | 
CLK:0 .... .. .. .. .... .... A:0700 D:20 |  
CLK:0 .... M1 RD .. MREQ .... A:0007 D:00 | 
CLK:1 RFSH .. .. .. .... .... A:000f D:ed | 
CLK:0 .... M1 RD .. MREQ .... A:0008 D:00 | 
CLK:1 RFSH .. .. .. .... .... A:0010 D:b3 | 
CLK:0 .... .. RD .. MREQ .... A:0010 D:00 | 
CLK:0 .... .. .. .. .... .... A:0010 D:57 | 
CLK:1 .... .. .. WR .... IORQ A:0600 D:57 | 
CLK:0 .... .. .. .. .... .... A:0600 D:57 | W
CLK:0 .... M1 RD .. MREQ .... A:0007 D:00 | 
CLK:1 RFSH .. .. .. .... .... A:0011 D:ed | 
CLK:0 .... M1 RD .. MREQ .... A:0008 D:00 | 
CLK:1 RFSH .. .. .. .... .... A:0012 D:b3 | 
CLK:0 .... .. RD .. MREQ .... A:0011 D:00 | 
CLK:0 .... .. .. .. .... .... A:0011 D:6f | 
CLK:1 .... .. .. WR .... IORQ A:0500 D:6f | 
CLK:0 .... .. .. .. .... .... A:0500 D:6f | o
CLK:0 .... M1 RD .. MREQ .... A:0007 D:00 | 
CLK:1 RFSH .. .. .. .... .... A:0013 D:ed | 
CLK:0 .... M1 RD .. MREQ .... A:0008 D:00 | 
CLK:1 RFSH .. .. .. .... .... A:0014 D:b3 | 
CLK:0 .... .. RD .. MREQ .... A:0012 D:00 | 
CLK:0 .... .. .. .. .... .... A:0012 D:72 | 
CLK:1 .... .. .. WR .... IORQ A:0400 D:72 | 
CLK:0 .... .. .. .. .... .... A:0400 D:72 | r
CLK:0 .... M1 RD .. MREQ .... A:0007 D:00 | 
CLK:1 RFSH .. .. .. .... .... A:0015 D:ed | 
CLK:0 .... M1 RD .. MREQ .... A:0008 D:00 | 
CLK:1 RFSH .. .. .. .... .... A:0016 D:b3 | 
CLK:0 .... .. RD .. MREQ .... A:0013 D:00 | 
CLK:0 .... .. .. .. .... .... A:0013 D:6c | 
CLK:1 .... .. .. WR .... IORQ A:0300 D:6c | 
CLK:0 .... .. .. .. .... .... A:0300 D:6c | l
CLK:0 .... M1 RD .. MREQ .... A:0007 D:00 | 
CLK:1 RFSH .. .. .. .... .... A:0017 D:ed | 
CLK:0 .... M1 RD .. MREQ .... A:0008 D:00 | 
CLK:1 RFSH .. .. .. .... .... A:0018 D:b3 | 
CLK:0 .... .. RD .. MREQ .... A:0014 D:00 | 
CLK:0 .... .. .. .. .... .... A:0014 D:64 | 
CLK:1 .... .. .. WR .... IORQ A:0200 D:64 | 
CLK:0 .... .. .. .. .... .... A:0200 D:64 | d
CLK:0 .... M1 RD .. MREQ .... A:0007 D:00 | 
CLK:1 RFSH .. .. .. .... .... A:0019 D:ed | 
CLK:0 .... M1 RD .. MREQ .... A:0008 D:00 | 
CLK:1 RFSH .. .. .. .... .... A:001a D:b3 | 
CLK:0 .... .. RD .. MREQ .... A:0015 D:00 | 
CLK:0 .... .. .. .. .... .... A:0015 D:21 | 
CLK:1 .... .. .. WR .... IORQ A:0100 D:21 | 
CLK:0 .... .. .. .. .... .... A:0100 D:21 | !
CLK:0 .... M1 RD .. MREQ .... A:0007 D:00 | 
CLK:1 RFSH .. .. .. .... .... A:001b D:ed | 
CLK:0 .... M1 RD .. MREQ .... A:0008 D:00 | 
CLK:1 RFSH .. .. .. .... .... A:001c D:b3 | 
CLK:0 .... .. RD .. MREQ .... A:0016 D:00 | 
CLK:0 .... .. .. .. .... .... A:0016 D:0a | 
CLK:1 .... .. .. WR .... IORQ A:0000 D:0a | 
CLK:0 .... .. .. .. .... .... A:0000 D:0a | 

CLK:0 .... M1 RD .. MREQ .... A:0009 D:00 | 
CLK:1 RFSH .. .. .. .... .... A:001d D:76 | 
CLK:0 .... M1 RD .. MREQ .... A:000a D:00 | 
CLK:1 RFSH .. .. .. .... .... A:001e D:48 | 
CLK:0 .... M1 RD .. MREQ .... A:000a D:00 | 
CLK:1 RFSH .. .. .. .... .... A:001f D:48 | 
CLK:0 .... M1 RD .. MREQ .... A:000a D:00 | 
CLK:1 RFSH .. .. .. .... .... A:0020 D:48 | 
CLK:0 .... M1 RD .. MREQ .... A:000a D:00 | 
CLK:1 RFSH .. .. .. .... .... A:0021 D:48 | 
CLK:0 .... M1 RD .. MREQ .... A:000a D:00 | 
CLK:1 RFSH .. .. .. .... .... A:0022 D:48 | 
CLK:0 .... M1 RD .. MREQ .... A:000a D:00 | 
CLK:1 RFSH .. .. .. .... .... A:0023 D:48 | 
CLK:0 .... M1 RD .. MREQ .... A:000a D:00 | 
CLK:1 RFSH .. .. .. .... .... A:0024 D:48 | 
CLK:0 .... M1 RD .. MREQ .... A:000a D:00 | 
CLK:1 RFSH .. .. .. .... .... A:0025 D:48 | 
CLK:0 .... M1 RD .. MREQ .... A:000a D:00 | 
CLK:1 RFSH .. .. .. .... .... A:0026 D:48 | 
CLK:0 .... M1 RD .. MREQ .... A:000a D:00 | 
CLK:1 RFSH .. .. .. .... .... A:0027 D:48 | 
CLK:0 .... M1 RD .. MREQ .... A:000a D:00 | 
CLK:1 RFSH .. .. .. .... .... A:0028 D:48 | 
CLK:0 .... M1 RD .. MREQ .... A:000a D:00 | 
CLK:1 RFSH .. .. .. .... .... A:0029 D:48 | 
CLK:0 .... M1 RD .. MREQ .... A:000a D:00 | 
